<?xml version="1.0" encoding="UTF-8"?>
<testng-results skipped="0" failed="0" total="1" passed="1">
  <reporter-output>
  </reporter-output>
  <suite name="Suite" duration-ms="10424" started-at="2020-08-12T23:50:03Z" finished-at="2020-08-12T23:50:14Z">
    <groups>
    </groups>
    <test name="Test" duration-ms="10424" started-at="2020-08-12T23:50:03Z" finished-at="2020-08-12T23:50:14Z">
      <class name="com.qa.qaclick.testscenarios1.landingPageTest">
        <test-method status="PASS" signature="initialize_driver()[pri:0, instance:com.qa.qaclick.testscenarios1.landingPageTest@50c87b21]" name="initialize_driver" is-config="true" duration-ms="5787" started-at="2020-08-12T19:50:03Z" finished-at="2020-08-12T19:50:09Z">
          <reporter-output>
          </reporter-output>
        </test-method> <!-- initialize_driver -->
        <test-method status="PASS" signature="check_If_Featured_Courses_Text_is_Present()[pri:0, instance:com.qa.qaclick.testscenarios1.landingPageTest@50c87b21]" name="check_If_Featured_Courses_Text_is_Present" duration-ms="4612" started-at="2020-08-12T19:50:09Z" finished-at="2020-08-12T19:50:14Z">
          <reporter-output>
          </reporter-output>
        </test-method> <!-- check_If_Featured_Courses_Text_is_Present -->
      </class> <!-- com.qa.qaclick.testscenarios1.landingPageTest -->
    </test> <!-- Test -->
  </suite> <!-- Suite -->
</testng-results>
